<?xml version="1.0" encoding="UTF-8"?>
<!-- Generated by org.testng.reporters.JUnitXMLReporter -->
<testsuite ignored="0" hostname="EC2AMAZ-S11DBRH" failures="0" tests="5" name="FirstTest" time="23.799" errors="0" timestamp="2023-12-11T07:03:15 GMT">
  <testcase classname="testScripts.TestngDemo" name="javaSearch" time="1.952"/>
  <testcase classname="testScripts.TestngDemo" name="seleniumSearch" time="3.563"/>
  <testcase classname="testScripts.TestngDemo" name="testngSearch" time="1.989"/>
  <testcase classname="testScripts.TestngDemo2" name="cucumberSearch" time="5.547"/>
  <testcase classname="testScripts.TestngDemo2" name="mavenSearch" time="1.931"/>
</testsuite> <!-- FirstTest -->
