<?xml version="1.0" encoding="UTF-8"?>
<testng-results ignored="0" total="1" passed="1" failed="0" skipped="0">
  <reporter-output>
  </reporter-output>
  <suite started-at="2023-12-13T05:53:45 GMT" name="Default suite" finished-at="2023-12-13T05:53:48 GMT" duration-ms="3310">
    <groups>
    </groups>
    <test started-at="2023-12-13T05:53:45 GMT" name="Default test" finished-at="2023-12-13T05:53:48 GMT" duration-ms="3310">
      <class name="testScripts.ChromeDevTools">
        <test-method is-config="true" signature="setUp()[pri:0, instance:testScripts.ChromeDevTools@434a63ab]" started-at="2023-12-13T05:53:45 GMT" name="setUp" finished-at="2023-12-13T05:53:47 GMT" duration-ms="2413" status="PASS">
          <reporter-output>
          </reporter-output>
        </test-method> <!-- setUp -->
        <test-method signature="captureNWTrafficTest()[pri:0, instance:testScripts.ChromeDevTools@434a63ab]" started-at="2023-12-13T05:53:47 GMT" name="captureNWTrafficTest" finished-at="2023-12-13T05:53:48 GMT" duration-ms="819" status="PASS">
          <reporter-output>
          </reporter-output>
        </test-method> <!-- captureNWTrafficTest -->
      </class> <!-- testScripts.ChromeDevTools -->
    </test> <!-- Default test -->
  </suite> <!-- Default suite -->
</testng-results>
